{"uid":"8289c7da82b25164","name":"Fail to register due to missing required fields","fullName":"User Registration: Fail to register due to missing required fields","historyId":"a5bb8a2266e099ef0ed2da1eb64c44a2","time":{"start":1727044772641,"stop":1727044783873,"duration":11232},"status":"failed","statusMessage":"AssertionError: Failed to assert error messages: Expected error: 'First Name must be between 1 and 32 characters!', but got: First Name must be between 1 and 32 characters!\n","statusTrace":"  File \"C:\\Users\\karim.belboukhari\\Lambda_BDD_Framework\\venv\\Lib\\site-packages\\behave\\model.py\", line 1329, in run\n    match.run(runner.context)\n  File \"C:\\Users\\karim.belboukhari\\Lambda_BDD_Framework\\venv\\Lib\\site-packages\\behave\\matchers.py\", line 98, in run\n    self.func(context, *args, **kwargs)\n  File \"features\\steps\\register_steps.py\", line 135, in step_assert_error_messages\n    raise AssertionError(f\"Failed to assert error messages: {e}\")\n","flaky":false,"newFailed":false,"newBroken":false,"newPassed":false,"retriesCount":0,"retriesStatusChange":false,"beforeStages":[],"testStage":{"status":"failed","statusMessage":"AssertionError: Failed to assert error messages: Expected error: 'First Name must be between 1 and 32 characters!', but got: First Name must be between 1 and 32 characters!\n","statusTrace":"  File \"C:\\Users\\karim.belboukhari\\Lambda_BDD_Framework\\venv\\Lib\\site-packages\\behave\\model.py\", line 1329, in run\n    match.run(runner.context)\n  File \"C:\\Users\\karim.belboukhari\\Lambda_BDD_Framework\\venv\\Lib\\site-packages\\behave\\matchers.py\", line 98, in run\n    self.func(context, *args, **kwargs)\n  File \"features\\steps\\register_steps.py\", line 135, in step_assert_error_messages\n    raise AssertionError(f\"Failed to assert error messages: {e}\")\n","steps":[{"name":"Given the user launches the site","time":{"start":1727044776775,"stop":1727044779280,"duration":2505},"status":"passed","steps":[],"attachments":[],"parameters":[],"hasContent":false,"shouldDisplayMessage":false,"attachmentsCount":0,"attachmentStep":false,"stepsCount":0},{"name":"When the user selects the register option","time":{"start":1727044779281,"stop":1727044780724,"duration":1443},"status":"passed","steps":[],"attachments":[],"parameters":[],"hasContent":false,"shouldDisplayMessage":false,"attachmentsCount":0,"attachmentStep":false,"stepsCount":0},{"name":"And the user leaves The required fields empty","time":{"start":1727044780724,"stop":1727044781469,"duration":745},"status":"passed","steps":[],"attachments":[],"parameters":[],"hasContent":false,"shouldDisplayMessage":false,"attachmentsCount":0,"attachmentStep":false,"stepsCount":0},{"name":"Then the user sees an error message for missing required fields","time":{"start":1727044781470,"stop":1727044781691,"duration":221},"status":"failed","statusMessage":"AssertionError: Failed to assert error messages: Expected error: 'First Name must be between 1 and 32 characters!', but got: First Name must be between 1 and 32 characters!\n","statusTrace":"  File \"C:\\Users\\karim.belboukhari\\Lambda_BDD_Framework\\venv\\Lib\\site-packages\\behave\\model.py\", line 1329, in run\n    match.run(runner.context)\n  File \"C:\\Users\\karim.belboukhari\\Lambda_BDD_Framework\\venv\\Lib\\site-packages\\behave\\matchers.py\", line 98, in run\n    self.func(context, *args, **kwargs)\n  File \"features\\steps\\register_steps.py\", line 135, in step_assert_error_messages\n    raise AssertionError(f\"Failed to assert error messages: {e}\")\n","steps":[],"attachments":[{"uid":"1938e949ec7f2b07","name":"error_messages_fails","source":"1938e949ec7f2b07.png","type":"image/png","size":235577}],"parameters":[],"hasContent":true,"shouldDisplayMessage":true,"attachmentsCount":1,"attachmentStep":false,"stepsCount":0}],"attachments":[],"parameters":[],"hasContent":true,"shouldDisplayMessage":false,"attachmentsCount":1,"attachmentStep":false,"stepsCount":4},"afterStages":[],"labels":[{"name":"severity","value":"normal"},{"name":"tag","value":"empty_fields"},{"name":"tag","value":"registration"},{"name":"feature","value":"User Registration"},{"name":"framework","value":"behave"},{"name":"language","value":"cpython3"},{"name":"resultFormat","value":"allure2"}],"parameters":[],"links":[],"hidden":true,"retry":true,"extra":{"categories":[],"tags":["empty_fields","registration"]},"source":"8289c7da82b25164.json","parameterValues":[]}