{"uid":"c7f6cf63b053f6aa","name":"Fail to register due to missing required fields","fullName":"User Registration: Fail to register due to missing required fields","historyId":"a5bb8a2266e099ef0ed2da1eb64c44a2","time":{"start":1731063297385,"stop":1731063311981,"duration":14596},"status":"failed","statusMessage":"AssertionError: Failed to assert error messages: Expected error: 'First Name must be between 1 and 32 characters!', but got: First Name must be between 1 and 32 characters!\n","statusTrace":"  File \"C:\\Users\\fujitsu\\Repos\\Lambda_BDD_Framework\\venv\\Lib\\site-packages\\behave\\model.py\", line 1329, in run\n    match.run(runner.context)\n    ~~~~~~~~~^^^^^^^^^^^^^^^^\n  File \"C:\\Users\\fujitsu\\Repos\\Lambda_BDD_Framework\\venv\\Lib\\site-packages\\behave\\matchers.py\", line 98, in run\n    self.func(context, *args, **kwargs)\n    ~~~~~~~~~^^^^^^^^^^^^^^^^^^^^^^^^^^\n  File \"features\\steps\\register_steps.py\", line 135, in step_assert_error_messages\n    raise AssertionError(f\"Failed to assert error messages: {e}\")\n","flaky":false,"newFailed":false,"newBroken":false,"newPassed":false,"retriesCount":0,"retriesStatusChange":false,"beforeStages":[],"testStage":{"status":"failed","statusMessage":"AssertionError: Failed to assert error messages: Expected error: 'First Name must be between 1 and 32 characters!', but got: First Name must be between 1 and 32 characters!\n","statusTrace":"  File \"C:\\Users\\fujitsu\\Repos\\Lambda_BDD_Framework\\venv\\Lib\\site-packages\\behave\\model.py\", line 1329, in run\n    match.run(runner.context)\n    ~~~~~~~~~^^^^^^^^^^^^^^^^\n  File \"C:\\Users\\fujitsu\\Repos\\Lambda_BDD_Framework\\venv\\Lib\\site-packages\\behave\\matchers.py\", line 98, in run\n    self.func(context, *args, **kwargs)\n    ~~~~~~~~~^^^^^^^^^^^^^^^^^^^^^^^^^^\n  File \"features\\steps\\register_steps.py\", line 135, in step_assert_error_messages\n    raise AssertionError(f\"Failed to assert error messages: {e}\")\n","steps":[{"name":"Given the user launches the site","time":{"start":1731063301267,"stop":1731063305004,"duration":3737},"status":"passed","steps":[],"attachments":[],"parameters":[],"hasContent":false,"shouldDisplayMessage":false,"attachmentsCount":0,"attachmentStep":false,"stepsCount":0},{"name":"When the user selects the register option","time":{"start":1731063305004,"stop":1731063307673,"duration":2669},"status":"passed","steps":[],"attachments":[],"parameters":[],"hasContent":false,"shouldDisplayMessage":false,"attachmentsCount":0,"attachmentStep":false,"stepsCount":0},{"name":"And the user leaves The required fields empty","time":{"start":1731063307674,"stop":1731063309295,"duration":1621},"status":"passed","steps":[],"attachments":[],"parameters":[],"hasContent":false,"shouldDisplayMessage":false,"attachmentsCount":0,"attachmentStep":false,"stepsCount":0},{"name":"Then the user sees an error message for missing required fields","time":{"start":1731063309296,"stop":1731063309747,"duration":451},"status":"failed","statusMessage":"AssertionError: Failed to assert error messages: Expected error: 'First Name must be between 1 and 32 characters!', but got: First Name must be between 1 and 32 characters!\n","statusTrace":"  File \"C:\\Users\\fujitsu\\Repos\\Lambda_BDD_Framework\\venv\\Lib\\site-packages\\behave\\model.py\", line 1329, in run\n    match.run(runner.context)\n    ~~~~~~~~~^^^^^^^^^^^^^^^^\n  File \"C:\\Users\\fujitsu\\Repos\\Lambda_BDD_Framework\\venv\\Lib\\site-packages\\behave\\matchers.py\", line 98, in run\n    self.func(context, *args, **kwargs)\n    ~~~~~~~~~^^^^^^^^^^^^^^^^^^^^^^^^^^\n  File \"features\\steps\\register_steps.py\", line 135, in step_assert_error_messages\n    raise AssertionError(f\"Failed to assert error messages: {e}\")\n","steps":[],"attachments":[{"uid":"abd935a11c5514cc","name":"error_messages_fails","source":"abd935a11c5514cc.png","type":"image/png","size":188050}],"parameters":[],"hasContent":true,"shouldDisplayMessage":true,"attachmentsCount":1,"attachmentStep":false,"stepsCount":0}],"attachments":[],"parameters":[],"hasContent":true,"shouldDisplayMessage":false,"attachmentsCount":1,"attachmentStep":false,"stepsCount":4},"afterStages":[],"labels":[{"name":"severity","value":"normal"},{"name":"tag","value":"empty_fields"},{"name":"tag","value":"registration"},{"name":"feature","value":"User Registration"},{"name":"framework","value":"behave"},{"name":"language","value":"cpython3"},{"name":"resultFormat","value":"allure2"}],"parameters":[],"links":[],"hidden":true,"retry":true,"extra":{"categories":[],"tags":["empty_fields","registration"]},"source":"c7f6cf63b053f6aa.json","parameterValues":[]}