{"uid":"db7494fbb8d281e8","name":"Fail to register due to missing required fields","fullName":"User Registration: Fail to register due to missing required fields","historyId":"a5bb8a2266e099ef0ed2da1eb64c44a2","time":{"start":1731063623183,"stop":1731063634398,"duration":11215},"status":"failed","statusMessage":"AssertionError: Failed to assert error messages: Expected error: 'First Name must be between 1 and 32 characters!', but got: First Name must be between 1 and 32 characters!\n","statusTrace":"  File \"C:\\Users\\fujitsu\\Repos\\Lambda_BDD_Framework\\venv\\Lib\\site-packages\\behave\\model.py\", line 1329, in run\n    match.run(runner.context)\n    ~~~~~~~~~^^^^^^^^^^^^^^^^\n  File \"C:\\Users\\fujitsu\\Repos\\Lambda_BDD_Framework\\venv\\Lib\\site-packages\\behave\\matchers.py\", line 98, in run\n    self.func(context, *args, **kwargs)\n    ~~~~~~~~~^^^^^^^^^^^^^^^^^^^^^^^^^^\n  File \"features\\steps\\register_steps.py\", line 135, in step_assert_error_messages\n    raise AssertionError(f\"Failed to assert error messages: {e}\")\n","flaky":false,"newFailed":false,"newBroken":false,"newPassed":false,"retriesCount":10,"retriesStatusChange":false,"beforeStages":[],"testStage":{"status":"failed","statusMessage":"AssertionError: Failed to assert error messages: Expected error: 'First Name must be between 1 and 32 characters!', but got: First Name must be between 1 and 32 characters!\n","statusTrace":"  File \"C:\\Users\\fujitsu\\Repos\\Lambda_BDD_Framework\\venv\\Lib\\site-packages\\behave\\model.py\", line 1329, in run\n    match.run(runner.context)\n    ~~~~~~~~~^^^^^^^^^^^^^^^^\n  File \"C:\\Users\\fujitsu\\Repos\\Lambda_BDD_Framework\\venv\\Lib\\site-packages\\behave\\matchers.py\", line 98, in run\n    self.func(context, *args, **kwargs)\n    ~~~~~~~~~^^^^^^^^^^^^^^^^^^^^^^^^^^\n  File \"features\\steps\\register_steps.py\", line 135, in step_assert_error_messages\n    raise AssertionError(f\"Failed to assert error messages: {e}\")\n","steps":[{"name":"Given the user launches the site","time":{"start":1731063625867,"stop":1731063627913,"duration":2046},"status":"passed","steps":[],"attachments":[],"parameters":[],"hasContent":false,"shouldDisplayMessage":false,"attachmentsCount":0,"attachmentStep":false,"stepsCount":0},{"name":"When the user selects the register option","time":{"start":1731063627913,"stop":1731063630257,"duration":2344},"status":"passed","steps":[],"attachments":[],"parameters":[],"hasContent":false,"shouldDisplayMessage":false,"attachmentsCount":0,"attachmentStep":false,"stepsCount":0},{"name":"And the user leaves The required fields empty","time":{"start":1731063630258,"stop":1731063631757,"duration":1499},"status":"passed","steps":[],"attachments":[],"parameters":[],"hasContent":false,"shouldDisplayMessage":false,"attachmentsCount":0,"attachmentStep":false,"stepsCount":0},{"name":"Then the user sees an error message for missing required fields","time":{"start":1731063631757,"stop":1731063632188,"duration":431},"status":"failed","statusMessage":"AssertionError: Failed to assert error messages: Expected error: 'First Name must be between 1 and 32 characters!', but got: First Name must be between 1 and 32 characters!\n","statusTrace":"  File \"C:\\Users\\fujitsu\\Repos\\Lambda_BDD_Framework\\venv\\Lib\\site-packages\\behave\\model.py\", line 1329, in run\n    match.run(runner.context)\n    ~~~~~~~~~^^^^^^^^^^^^^^^^\n  File \"C:\\Users\\fujitsu\\Repos\\Lambda_BDD_Framework\\venv\\Lib\\site-packages\\behave\\matchers.py\", line 98, in run\n    self.func(context, *args, **kwargs)\n    ~~~~~~~~~^^^^^^^^^^^^^^^^^^^^^^^^^^\n  File \"features\\steps\\register_steps.py\", line 135, in step_assert_error_messages\n    raise AssertionError(f\"Failed to assert error messages: {e}\")\n","steps":[],"attachments":[{"uid":"1c59b13c3f480fc","name":"error_messages_fails","source":"1c59b13c3f480fc.png","type":"image/png","size":187478}],"parameters":[],"hasContent":true,"shouldDisplayMessage":true,"attachmentsCount":1,"attachmentStep":false,"stepsCount":0}],"attachments":[],"parameters":[],"hasContent":true,"shouldDisplayMessage":false,"attachmentsCount":1,"attachmentStep":false,"stepsCount":4},"afterStages":[],"labels":[{"name":"severity","value":"normal"},{"name":"tag","value":"empty_fields"},{"name":"tag","value":"registration"},{"name":"feature","value":"User Registration"},{"name":"framework","value":"behave"},{"name":"language","value":"cpython3"},{"name":"resultFormat","value":"allure2"}],"parameters":[],"links":[],"hidden":false,"retry":false,"extra":{"severity":"normal","retries":[{"uid":"c974c12ca3feb5f2","status":"failed","statusDetails":"AssertionError: Failed to assert error messages: Expected error: 'First Name must be between 1 and 32 characters!', but got: First Name must be between 1 and 32 characters!\n","time":{"start":1731063545311,"stop":1731063557363,"duration":12052}},{"uid":"159873975356f2c","status":"failed","statusDetails":"AssertionError: Failed to assert error messages: Expected error: 'First Name must be between 1 and 32 characters!', but got: First Name must be between 1 and 32 characters!\n","time":{"start":1731063490866,"stop":1731063501901,"duration":11035}},{"uid":"c7f6cf63b053f6aa","status":"failed","statusDetails":"AssertionError: Failed to assert error messages: Expected error: 'First Name must be between 1 and 32 characters!', but got: First Name must be between 1 and 32 characters!\n","time":{"start":1731063297385,"stop":1731063311981,"duration":14596}},{"uid":"2a3c4a6f57fe0989","status":"failed","statusDetails":"AssertionError: Failed to assert error messages: Expected error: 'First Name must be between 1 and 32 characters!', but got: First Name must be between 1 and 32 characters!\n","time":{"start":1731063043242,"stop":1731063055167,"duration":11925}},{"uid":"bf6e7f3aef8b5025","status":"failed","statusDetails":"AssertionError: Failed to assert error messages: Expected error: 'First Name must be between 1 and 32 characters!', but got: First Name must be between 1 and 32 characters!\n","time":{"start":1731062864971,"stop":1731062874657,"duration":9686}},{"uid":"1dd03f8a70999899","status":"failed","statusDetails":"AssertionError: Failed to assert error messages: Expected error: 'First Name must be between 1 and 32 characters!', but got: First Name must be between 1 and 32 characters!\n","time":{"start":1731062763891,"stop":1731062792751,"duration":28860}},{"uid":"b02d4bb4e5a02900","status":"failed","statusDetails":"AssertionError: Failed to assert error messages: Expected error: 'First Name must be between 1 and 32 characters!', but got: First Name must be between 1 and 32 characters!\n","time":{"start":1729650598877,"stop":1729650608605,"duration":9728}},{"uid":"cc3b0c168336851d","status":"failed","statusDetails":"AssertionError: Failed to assert error messages: Expected error: 'First Name must be between 1 and 32 characters!', but got: First Name must be between 1 and 32 characters!\n","time":{"start":1727862543892,"stop":1727862562669,"duration":18777}},{"uid":"8958f0b29df66c9b","status":"failed","statusDetails":"AssertionError: Failed to assert error messages: Expected error: 'First Name must be between 1 and 32 characters!', but got: First Name must be between 1 and 32 characters!\n","time":{"start":1727862402671,"stop":1727862421680,"duration":19009}},{"uid":"8289c7da82b25164","status":"failed","statusDetails":"AssertionError: Failed to assert error messages: Expected error: 'First Name must be between 1 and 32 characters!', but got: First Name must be between 1 and 32 characters!\n","time":{"start":1727044772641,"stop":1727044783873,"duration":11232}}],"categories":[{"name":"Product defects","matchedStatuses":[],"flaky":false}],"tags":["empty_fields","registration"]},"source":"db7494fbb8d281e8.json","parameterValues":[]}