{"name": "Fail to register due to missing required fields", "status": "failed", "statusDetails": {"message": "AssertionError: Failed to assert error messages: Expected error: 'First Name must be between 1 and 32 characters!', but got: First Name must be between 1 and 32 characters!\n", "trace": "  File \"C:\\Users\\karim.belboukhari\\Lambda_BDD_Framework\\venv\\Lib\\site-packages\\behave\\model.py\", line 1329, in run\n    match.run(runner.context)\n  File \"C:\\Users\\karim.belboukhari\\Lambda_BDD_Framework\\venv\\Lib\\site-packages\\behave\\matchers.py\", line 98, in run\n    self.func(context, *args, **kwargs)\n  File \"features\\steps\\register_steps.py\", line 135, in step_assert_error_messages\n    raise AssertionError(f\"Failed to assert error messages: {e}\")\n"}, "steps": [{"name": "Given the user launches the site", "status": "passed", "start": 1727862410975, "stop": 1727862416326}, {"name": "When the user selects the register option", "status": "passed", "start": 1727862416327, "stop": 1727862417764}, {"name": "And the user leaves The required fields empty", "status": "passed", "start": 1727862417764, "stop": 1727862419053}, {"name": "Then the user sees an error message for missing required fields", "status": "failed", "statusDetails": {"message": "AssertionError: Failed to assert error messages: Expected error: 'First Name must be between 1 and 32 characters!', but got: First Name must be between 1 and 32 characters!\n", "trace": "  File \"C:\\Users\\karim.belboukhari\\Lambda_BDD_Framework\\venv\\Lib\\site-packages\\behave\\model.py\", line 1329, in run\n    match.run(runner.context)\n  File \"C:\\Users\\karim.belboukhari\\Lambda_BDD_Framework\\venv\\Lib\\site-packages\\behave\\matchers.py\", line 98, in run\n    self.func(context, *args, **kwargs)\n  File \"features\\steps\\register_steps.py\", line 135, in step_assert_error_messages\n    raise AssertionError(f\"Failed to assert error messages: {e}\")\n"}, "attachments": [{"name": "error_messages_fails", "source": "b9e3f355-e867-4161-962e-a4f995b99fc3-attachment.png", "type": "image/png"}], "start": 1727862419053, "stop": 1727862419480}], "start": 1727862402671, "stop": 1727862421680, "uuid": "a7fbf3fd-a81b-453e-8eb8-33bd20daf2bf", "historyId": "a5bb8a2266e099ef0ed2da1eb64c44a2", "fullName": "User Registration: Fail to register due to missing required fields", "labels": [{"name": "severity", "value": "normal"}, {"name": "tag", "value": "empty_fields"}, {"name": "tag", "value": "registration"}, {"name": "feature", "value": "User Registration"}, {"name": "framework", "value": "behave"}, {"name": "language", "value": "cpython3"}]}