{"name": "Fail to register due to missing required fields", "status": "failed", "statusDetails": {"message": "AssertionError: Failed to assert error messages: Expected error: 'First Name must be between 1 and 32 characters!', but got: First Name must be between 1 and 32 characters!\n", "trace": "  File \"C:\\Users\\karim.belboukhari\\AppData\\Local\\Programs\\Python\\Python312\\Lib\\site-packages\\behave\\model.py\", line 1329, in run\n    match.run(runner.context)\n  File \"C:\\Users\\karim.belboukhari\\AppData\\Local\\Programs\\Python\\Python312\\Lib\\site-packages\\behave\\matchers.py\", line 98, in run\n    self.func(context, *args, **kwargs)\n  File \"features\\steps\\register_steps.py\", line 135, in step_assert_error_messages\n    raise AssertionError(f\"Failed to assert error messages: {e}\")\n"}, "steps": [{"name": "Given the user launches the site", "status": "passed", "start": 1729650603299, "stop": 1729650604684}, {"name": "When the user selects the register option", "status": "passed", "start": 1729650604684, "stop": 1729650605399}, {"name": "And the user leaves The required fields empty", "status": "passed", "start": 1729650605399, "stop": 1729650606196}, {"name": "Then the user sees an error message for missing required fields", "status": "failed", "statusDetails": {"message": "AssertionError: Failed to assert error messages: Expected error: 'First Name must be between 1 and 32 characters!', but got: First Name must be between 1 and 32 characters!\n", "trace": "  File \"C:\\Users\\karim.belboukhari\\AppData\\Local\\Programs\\Python\\Python312\\Lib\\site-packages\\behave\\model.py\", line 1329, in run\n    match.run(runner.context)\n  File \"C:\\Users\\karim.belboukhari\\AppData\\Local\\Programs\\Python\\Python312\\Lib\\site-packages\\behave\\matchers.py\", line 98, in run\n    self.func(context, *args, **kwargs)\n  File \"features\\steps\\register_steps.py\", line 135, in step_assert_error_messages\n    raise AssertionError(f\"Failed to assert error messages: {e}\")\n"}, "attachments": [{"name": "error_messages_fails", "source": "d87457a5-1a59-4c4e-9fb7-24d68d51a220-attachment.png", "type": "image/png"}], "start": 1729650606196, "stop": 1729650606386}], "start": 1729650598877, "stop": 1729650608605, "uuid": "da532949-e31b-4503-ab2a-8d498e5c9795", "historyId": "a5bb8a2266e099ef0ed2da1eb64c44a2", "fullName": "User Registration: Fail to register due to missing required fields", "labels": [{"name": "severity", "value": "normal"}, {"name": "tag", "value": "empty_fields"}, {"name": "tag", "value": "registration"}, {"name": "feature", "value": "User Registration"}, {"name": "framework", "value": "behave"}, {"name": "language", "value": "cpython3"}]}