{"name": "Fail to register due to missing required fields", "status": "failed", "statusDetails": {"message": "AssertionError: Failed to assert error messages: Expected error: 'First Name must be between 1 and 32 characters!', but got: First Name must be between 1 and 32 characters!\n", "trace": "  File \"C:\\Users\\fujitsu\\Repos\\Lambda_BDD_Framework\\venv\\Lib\\site-packages\\behave\\model.py\", line 1329, in run\n    match.run(runner.context)\n    ~~~~~~~~~^^^^^^^^^^^^^^^^\n  File \"C:\\Users\\fujitsu\\Repos\\Lambda_BDD_Framework\\venv\\Lib\\site-packages\\behave\\matchers.py\", line 98, in run\n    self.func(context, *args, **kwargs)\n    ~~~~~~~~~^^^^^^^^^^^^^^^^^^^^^^^^^^\n  File \"features\\steps\\register_steps.py\", line 135, in step_assert_error_messages\n    raise AssertionError(f\"Failed to assert error messages: {e}\")\n"}, "steps": [{"name": "Given the user launches the site", "status": "passed", "start": 1731063548058, "stop": 1731063550261}, {"name": "When the user selects the register option", "status": "passed", "start": 1731063550261, "stop": 1731063553245}, {"name": "And the user leaves The required fields empty", "status": "passed", "start": 1731063553246, "stop": 1731063554662}, {"name": "Then the user sees an error message for missing required fields", "status": "failed", "statusDetails": {"message": "AssertionError: Failed to assert error messages: Expected error: 'First Name must be between 1 and 32 characters!', but got: First Name must be between 1 and 32 characters!\n", "trace": "  File \"C:\\Users\\fujitsu\\Repos\\Lambda_BDD_Framework\\venv\\Lib\\site-packages\\behave\\model.py\", line 1329, in run\n    match.run(runner.context)\n    ~~~~~~~~~^^^^^^^^^^^^^^^^\n  File \"C:\\Users\\fujitsu\\Repos\\Lambda_BDD_Framework\\venv\\Lib\\site-packages\\behave\\matchers.py\", line 98, in run\n    self.func(context, *args, **kwargs)\n    ~~~~~~~~~^^^^^^^^^^^^^^^^^^^^^^^^^^\n  File \"features\\steps\\register_steps.py\", line 135, in step_assert_error_messages\n    raise AssertionError(f\"Failed to assert error messages: {e}\")\n"}, "attachments": [{"name": "error_messages_fails", "source": "0c926403-8b58-4e21-ad82-f30334a77437-attachment.png", "type": "image/png"}], "start": 1731063554662, "stop": 1731063555122}], "start": 1731063545311, "stop": 1731063557363, "uuid": "086633ea-1cac-483f-8c50-1be89e9a8ff5", "historyId": "a5bb8a2266e099ef0ed2da1eb64c44a2", "fullName": "User Registration: Fail to register due to missing required fields", "labels": [{"name": "severity", "value": "normal"}, {"name": "tag", "value": "empty_fields"}, {"name": "tag", "value": "registration"}, {"name": "feature", "value": "User Registration"}, {"name": "framework", "value": "behave"}, {"name": "language", "value": "cpython3"}]}