{"name": "Fail to register due to missing required fields", "status": "failed", "statusDetails": {"message": "AssertionError: Failed to assert error messages: Expected error: 'First Name must be between 1 and 32 characters!', but got: First Name must be between 1 and 32 characters!\n", "trace": "  File \"C:\\Users\\fujitsu\\Repos\\Lambda_BDD_Framework\\venv\\Lib\\site-packages\\behave\\model.py\", line 1329, in run\n    match.run(runner.context)\n    ~~~~~~~~~^^^^^^^^^^^^^^^^\n  File \"C:\\Users\\fujitsu\\Repos\\Lambda_BDD_Framework\\venv\\Lib\\site-packages\\behave\\matchers.py\", line 98, in run\n    self.func(context, *args, **kwargs)\n    ~~~~~~~~~^^^^^^^^^^^^^^^^^^^^^^^^^^\n  File \"features\\steps\\register_steps.py\", line 135, in step_assert_error_messages\n    raise AssertionError(f\"Failed to assert error messages: {e}\")\n"}, "steps": [{"name": "Given the user launches the site", "status": "passed", "start": 1731063301267, "stop": 1731063305004}, {"name": "When the user selects the register option", "status": "passed", "start": 1731063305004, "stop": 1731063307673}, {"name": "And the user leaves The required fields empty", "status": "passed", "start": 1731063307674, "stop": 1731063309295}, {"name": "Then the user sees an error message for missing required fields", "status": "failed", "statusDetails": {"message": "AssertionError: Failed to assert error messages: Expected error: 'First Name must be between 1 and 32 characters!', but got: First Name must be between 1 and 32 characters!\n", "trace": "  File \"C:\\Users\\fujitsu\\Repos\\Lambda_BDD_Framework\\venv\\Lib\\site-packages\\behave\\model.py\", line 1329, in run\n    match.run(runner.context)\n    ~~~~~~~~~^^^^^^^^^^^^^^^^\n  File \"C:\\Users\\fujitsu\\Repos\\Lambda_BDD_Framework\\venv\\Lib\\site-packages\\behave\\matchers.py\", line 98, in run\n    self.func(context, *args, **kwargs)\n    ~~~~~~~~~^^^^^^^^^^^^^^^^^^^^^^^^^^\n  File \"features\\steps\\register_steps.py\", line 135, in step_assert_error_messages\n    raise AssertionError(f\"Failed to assert error messages: {e}\")\n"}, "attachments": [{"name": "error_messages_fails", "source": "2b39aafd-8d12-4ff5-97d7-7a4e1c5b60e1-attachment.png", "type": "image/png"}], "start": 1731063309296, "stop": 1731063309747}], "start": 1731063297385, "stop": 1731063311981, "uuid": "18dc2d87-266d-4dfe-80ab-7bce7eb2bce8", "historyId": "a5bb8a2266e099ef0ed2da1eb64c44a2", "fullName": "User Registration: Fail to register due to missing required fields", "labels": [{"name": "severity", "value": "normal"}, {"name": "tag", "value": "empty_fields"}, {"name": "tag", "value": "registration"}, {"name": "feature", "value": "User Registration"}, {"name": "framework", "value": "behave"}, {"name": "language", "value": "cpython3"}]}