{"name": "Fail to register due to missing required fields", "status": "failed", "statusDetails": {"message": "AssertionError: Failed to assert error messages: Expected error: 'First Name must be between 1 and 32 characters!', but got: First Name must be between 1 and 32 characters!\n", "trace": "  File \"C:\\Users\\fujitsu\\Repos\\Lambda_BDD_Framework\\venv\\Lib\\site-packages\\behave\\model.py\", line 1329, in run\n    match.run(runner.context)\n    ~~~~~~~~~^^^^^^^^^^^^^^^^\n  File \"C:\\Users\\fujitsu\\Repos\\Lambda_BDD_Framework\\venv\\Lib\\site-packages\\behave\\matchers.py\", line 98, in run\n    self.func(context, *args, **kwargs)\n    ~~~~~~~~~^^^^^^^^^^^^^^^^^^^^^^^^^^\n  File \"features\\steps\\register_steps.py\", line 135, in step_assert_error_messages\n    raise AssertionError(f\"Failed to assert error messages: {e}\")\n"}, "steps": [{"name": "Given the user launches the site", "status": "passed", "start": 1731063493507, "stop": 1731063495527}, {"name": "When the user selects the register option", "status": "passed", "start": 1731063495528, "stop": 1731063497830}, {"name": "And the user leaves The required fields empty", "status": "passed", "start": 1731063497831, "stop": 1731063499199}, {"name": "Then the user sees an error message for missing required fields", "status": "failed", "statusDetails": {"message": "AssertionError: Failed to assert error messages: Expected error: 'First Name must be between 1 and 32 characters!', but got: First Name must be between 1 and 32 characters!\n", "trace": "  File \"C:\\Users\\fujitsu\\Repos\\Lambda_BDD_Framework\\venv\\Lib\\site-packages\\behave\\model.py\", line 1329, in run\n    match.run(runner.context)\n    ~~~~~~~~~^^^^^^^^^^^^^^^^\n  File \"C:\\Users\\fujitsu\\Repos\\Lambda_BDD_Framework\\venv\\Lib\\site-packages\\behave\\matchers.py\", line 98, in run\n    self.func(context, *args, **kwargs)\n    ~~~~~~~~~^^^^^^^^^^^^^^^^^^^^^^^^^^\n  File \"features\\steps\\register_steps.py\", line 135, in step_assert_error_messages\n    raise AssertionError(f\"Failed to assert error messages: {e}\")\n"}, "attachments": [{"name": "error_messages_fails", "source": "9702d173-0aa8-4093-9e6f-1ebb9ce93a5b-attachment.png", "type": "image/png"}], "start": 1731063499200, "stop": 1731063499668}], "start": 1731063490866, "stop": 1731063501901, "uuid": "2dcd5494-e9bc-4d23-91b5-8ebe072c3af6", "historyId": "a5bb8a2266e099ef0ed2da1eb64c44a2", "fullName": "User Registration: Fail to register due to missing required fields", "labels": [{"name": "severity", "value": "normal"}, {"name": "tag", "value": "empty_fields"}, {"name": "tag", "value": "registration"}, {"name": "feature", "value": "User Registration"}, {"name": "framework", "value": "behave"}, {"name": "language", "value": "cpython3"}]}